<?xml version="1.0" encoding="UTF-8"?>
<testsuite name="test.pivotal.pal.trackerapi.WelcomeApiTest" tests="1" skipped="0" failures="0" errors="0" timestamp="2019-04-25T09:30:01" hostname="D-441001921" time="0.015">
  <properties/>
  <testcase name="exampleTest" classname="test.pivotal.pal.trackerapi.WelcomeApiTest" time="0.015"/>
  <system-out><![CDATA[2019-04-25 15:00:01.716  INFO 12996 --- [    Test worker] .b.t.c.SpringBootTestContextBootstrapper : Neither @ContextConfiguration nor @ContextHierarchy found for test class [test.pivotal.pal.trackerapi.WelcomeApiTest], using SpringBootContextLoader
2019-04-25 15:00:01.717  INFO 12996 --- [    Test worker] o.s.t.c.support.AbstractContextLoader    : Could not detect default resource locations for test class [test.pivotal.pal.trackerapi.WelcomeApiTest]: no resource found for suffixes {-context.xml, Context.groovy}.
2019-04-25 15:00:01.721  INFO 12996 --- [    Test worker] .b.t.c.SpringBootTestContextBootstrapper : Loaded default TestExecutionListener class names from location [META-INF/spring.factories]: [org.springframework.boot.test.autoconfigure.restdocs.RestDocsTestExecutionListener, org.springframework.boot.test.autoconfigure.web.client.MockRestServiceServerResetTestExecutionListener, org.springframework.boot.test.autoconfigure.web.servlet.MockMvcPrintOnlyOnFailureTestExecutionListener, org.springframework.boot.test.autoconfigure.web.servlet.WebDriverTestExecutionListener, org.springframework.boot.test.mock.mockito.MockitoTestExecutionListener, org.springframework.boot.test.mock.mockito.ResetMocksTestExecutionListener, org.springframework.test.context.web.ServletTestExecutionListener, org.springframework.test.context.support.DirtiesContextBeforeModesTestExecutionListener, org.springframework.test.context.support.DependencyInjectionTestExecutionListener, org.springframework.test.context.support.DirtiesContextTestExecutionListener, org.springframework.test.context.transaction.TransactionalTestExecutionListener, org.springframework.test.context.jdbc.SqlScriptsTestExecutionListener]
2019-04-25 15:00:01.723  INFO 12996 --- [    Test worker] .b.t.c.SpringBootTestContextBootstrapper : Using TestExecutionListeners: [org.springframework.test.context.web.ServletTestExecutionListener@602b5e56, org.springframework.test.context.support.DirtiesContextBeforeModesTestExecutionListener@16e41efd, org.springframework.boot.test.mock.mockito.MockitoTestExecutionListener@3ded0c3c, org.springframework.boot.test.autoconfigure.SpringBootDependencyInjectionTestExecutionListener@406b0c27, org.springframework.test.context.support.DirtiesContextTestExecutionListener@7a082392, org.springframework.boot.test.autoconfigure.restdocs.RestDocsTestExecutionListener@4c2dc9d8, org.springframework.boot.test.autoconfigure.web.client.MockRestServiceServerResetTestExecutionListener@1974a08d, org.springframework.boot.test.autoconfigure.web.servlet.MockMvcPrintOnlyOnFailureTestExecutionListener@1e68db0, org.springframework.boot.test.autoconfigure.web.servlet.WebDriverTestExecutionListener@3ac92aad, org.springframework.boot.test.mock.mockito.ResetMocksTestExecutionListener@18884725]
]]></system-out>
  <system-err><![CDATA[]]></system-err>
</testsuite>
