<?xml version="1.0" encoding="UTF-8"?>
<testsuite name="test.pivotal.pal.trackerapi.WelcomeApiTest" tests="1" skipped="0" failures="0" errors="0" timestamp="2019-04-25T10:05:52" hostname="D-441001921" time="0.017">
  <properties/>
  <testcase name="exampleTest" classname="test.pivotal.pal.trackerapi.WelcomeApiTest" time="0.017"/>
  <system-out><![CDATA[2019-04-25 15:35:52.634  INFO 14972 --- [    Test worker] .b.t.c.SpringBootTestContextBootstrapper : Neither @ContextConfiguration nor @ContextHierarchy found for test class [test.pivotal.pal.trackerapi.WelcomeApiTest], using SpringBootContextLoader
2019-04-25 15:35:52.635  INFO 14972 --- [    Test worker] o.s.t.c.support.AbstractContextLoader    : Could not detect default resource locations for test class [test.pivotal.pal.trackerapi.WelcomeApiTest]: no resource found for suffixes {-context.xml, Context.groovy}.
2019-04-25 15:35:52.638  INFO 14972 --- [    Test worker] .b.t.c.SpringBootTestContextBootstrapper : Loaded default TestExecutionListener class names from location [META-INF/spring.factories]: [org.springframework.boot.test.autoconfigure.restdocs.RestDocsTestExecutionListener, org.springframework.boot.test.autoconfigure.web.client.MockRestServiceServerResetTestExecutionListener, org.springframework.boot.test.autoconfigure.web.servlet.MockMvcPrintOnlyOnFailureTestExecutionListener, org.springframework.boot.test.autoconfigure.web.servlet.WebDriverTestExecutionListener, org.springframework.boot.test.mock.mockito.MockitoTestExecutionListener, org.springframework.boot.test.mock.mockito.ResetMocksTestExecutionListener, org.springframework.test.context.web.ServletTestExecutionListener, org.springframework.test.context.support.DirtiesContextBeforeModesTestExecutionListener, org.springframework.test.context.support.DependencyInjectionTestExecutionListener, org.springframework.test.context.support.DirtiesContextTestExecutionListener, org.springframework.test.context.transaction.TransactionalTestExecutionListener, org.springframework.test.context.jdbc.SqlScriptsTestExecutionListener]
2019-04-25 15:35:52.639  INFO 14972 --- [    Test worker] .b.t.c.SpringBootTestContextBootstrapper : Using TestExecutionListeners: [org.springframework.test.context.web.ServletTestExecutionListener@4c058434, org.springframework.test.context.support.DirtiesContextBeforeModesTestExecutionListener@6f1591db, org.springframework.boot.test.mock.mockito.MockitoTestExecutionListener@3477a8b9, org.springframework.boot.test.autoconfigure.SpringBootDependencyInjectionTestExecutionListener@7b4e8b86, org.springframework.test.context.support.DirtiesContextTestExecutionListener@1b0a94ff, org.springframework.boot.test.autoconfigure.restdocs.RestDocsTestExecutionListener@58d2550c, org.springframework.boot.test.autoconfigure.web.client.MockRestServiceServerResetTestExecutionListener@51e91ccf, org.springframework.boot.test.autoconfigure.web.servlet.MockMvcPrintOnlyOnFailureTestExecutionListener@5e74afcf, org.springframework.boot.test.autoconfigure.web.servlet.WebDriverTestExecutionListener@11166592, org.springframework.boot.test.mock.mockito.ResetMocksTestExecutionListener@5b263889]
]]></system-out>
  <system-err><![CDATA[]]></system-err>
</testsuite>
