<?xml version="1.0" encoding="UTF-8"?>
<testsuite name="test.pivotal.pal.trackerapi.WelcomeApiTest" tests="1" skipped="0" failures="0" errors="0" timestamp="2019-04-26T10:40:23" hostname="D-441001921" time="0.019">
  <properties/>
  <testcase name="exampleTest" classname="test.pivotal.pal.trackerapi.WelcomeApiTest" time="0.019"/>
  <system-out><![CDATA[2019-04-26 10:40:23.963  INFO 10116 --- [    Test worker] .b.t.c.SpringBootTestContextBootstrapper : Neither @ContextConfiguration nor @ContextHierarchy found for test class [test.pivotal.pal.trackerapi.WelcomeApiTest], using SpringBootContextLoader
2019-04-26 10:40:23.964  INFO 10116 --- [    Test worker] o.s.t.c.support.AbstractContextLoader    : Could not detect default resource locations for test class [test.pivotal.pal.trackerapi.WelcomeApiTest]: no resource found for suffixes {-context.xml, Context.groovy}.
2019-04-26 10:40:23.967  INFO 10116 --- [    Test worker] .b.t.c.SpringBootTestContextBootstrapper : Loaded default TestExecutionListener class names from location [META-INF/spring.factories]: [org.springframework.boot.test.autoconfigure.restdocs.RestDocsTestExecutionListener, org.springframework.boot.test.autoconfigure.web.client.MockRestServiceServerResetTestExecutionListener, org.springframework.boot.test.autoconfigure.web.servlet.MockMvcPrintOnlyOnFailureTestExecutionListener, org.springframework.boot.test.autoconfigure.web.servlet.WebDriverTestExecutionListener, org.springframework.boot.test.mock.mockito.MockitoTestExecutionListener, org.springframework.boot.test.mock.mockito.ResetMocksTestExecutionListener, org.springframework.test.context.web.ServletTestExecutionListener, org.springframework.test.context.support.DirtiesContextBeforeModesTestExecutionListener, org.springframework.test.context.support.DependencyInjectionTestExecutionListener, org.springframework.test.context.support.DirtiesContextTestExecutionListener, org.springframework.test.context.transaction.TransactionalTestExecutionListener, org.springframework.test.context.jdbc.SqlScriptsTestExecutionListener]
2019-04-26 10:40:23.968  INFO 10116 --- [    Test worker] .b.t.c.SpringBootTestContextBootstrapper : Using TestExecutionListeners: [org.springframework.test.context.web.ServletTestExecutionListener@4462f56b, org.springframework.test.context.support.DirtiesContextBeforeModesTestExecutionListener@41126b71, org.springframework.boot.test.mock.mockito.MockitoTestExecutionListener@3d016b2c, org.springframework.boot.test.autoconfigure.SpringBootDependencyInjectionTestExecutionListener@ec49b6, org.springframework.test.context.support.DirtiesContextTestExecutionListener@53f62d6d, org.springframework.test.context.transaction.TransactionalTestExecutionListener@1ed9d81, org.springframework.test.context.jdbc.SqlScriptsTestExecutionListener@3783de9b, org.springframework.boot.test.autoconfigure.restdocs.RestDocsTestExecutionListener@55409024, org.springframework.boot.test.autoconfigure.web.client.MockRestServiceServerResetTestExecutionListener@37bf52a4, org.springframework.boot.test.autoconfigure.web.servlet.MockMvcPrintOnlyOnFailureTestExecutionListener@5a53d047, org.springframework.boot.test.autoconfigure.web.servlet.WebDriverTestExecutionListener@738daa90, org.springframework.boot.test.mock.mockito.ResetMocksTestExecutionListener@229dc575]
]]></system-out>
  <system-err><![CDATA[]]></system-err>
</testsuite>
