<?xml version="1.0" encoding="UTF-8"?>
<testsuite name="test.pivotal.pal.trackerapi.WelcomeApiTest" tests="1" skipped="0" failures="0" errors="0" timestamp="2019-04-26T07:29:43" hostname="D-441001921" time="0.035">
  <properties/>
  <testcase name="exampleTest" classname="test.pivotal.pal.trackerapi.WelcomeApiTest" time="0.035"/>
  <system-out><![CDATA[2019-04-26 07:29:43.980  INFO 12720 --- [    Test worker] .b.t.c.SpringBootTestContextBootstrapper : Neither @ContextConfiguration nor @ContextHierarchy found for test class [test.pivotal.pal.trackerapi.WelcomeApiTest], using SpringBootContextLoader
2019-04-26 07:29:43.982  INFO 12720 --- [    Test worker] o.s.t.c.support.AbstractContextLoader    : Could not detect default resource locations for test class [test.pivotal.pal.trackerapi.WelcomeApiTest]: no resource found for suffixes {-context.xml, Context.groovy}.
2019-04-26 07:29:43.986  INFO 12720 --- [    Test worker] .b.t.c.SpringBootTestContextBootstrapper : Loaded default TestExecutionListener class names from location [META-INF/spring.factories]: [org.springframework.boot.test.autoconfigure.restdocs.RestDocsTestExecutionListener, org.springframework.boot.test.autoconfigure.web.client.MockRestServiceServerResetTestExecutionListener, org.springframework.boot.test.autoconfigure.web.servlet.MockMvcPrintOnlyOnFailureTestExecutionListener, org.springframework.boot.test.autoconfigure.web.servlet.WebDriverTestExecutionListener, org.springframework.boot.test.mock.mockito.MockitoTestExecutionListener, org.springframework.boot.test.mock.mockito.ResetMocksTestExecutionListener, org.springframework.test.context.web.ServletTestExecutionListener, org.springframework.test.context.support.DirtiesContextBeforeModesTestExecutionListener, org.springframework.test.context.support.DependencyInjectionTestExecutionListener, org.springframework.test.context.support.DirtiesContextTestExecutionListener, org.springframework.test.context.transaction.TransactionalTestExecutionListener, org.springframework.test.context.jdbc.SqlScriptsTestExecutionListener]
2019-04-26 07:29:43.987  INFO 12720 --- [    Test worker] .b.t.c.SpringBootTestContextBootstrapper : Using TestExecutionListeners: [org.springframework.test.context.web.ServletTestExecutionListener@45101727, org.springframework.test.context.support.DirtiesContextBeforeModesTestExecutionListener@223edfa, org.springframework.boot.test.mock.mockito.MockitoTestExecutionListener@7e582506, org.springframework.boot.test.autoconfigure.SpringBootDependencyInjectionTestExecutionListener@19b37102, org.springframework.test.context.support.DirtiesContextTestExecutionListener@5c5fe43c, org.springframework.test.context.transaction.TransactionalTestExecutionListener@410e8e70, org.springframework.test.context.jdbc.SqlScriptsTestExecutionListener@7e41f342, org.springframework.boot.test.autoconfigure.restdocs.RestDocsTestExecutionListener@7c78b6e9, org.springframework.boot.test.autoconfigure.web.client.MockRestServiceServerResetTestExecutionListener@5f25d35e, org.springframework.boot.test.autoconfigure.web.servlet.MockMvcPrintOnlyOnFailureTestExecutionListener@6aedbbc4, org.springframework.boot.test.autoconfigure.web.servlet.WebDriverTestExecutionListener@1bc78e38, org.springframework.boot.test.mock.mockito.ResetMocksTestExecutionListener@2231ac57]
]]></system-out>
  <system-err><![CDATA[]]></system-err>
</testsuite>
